<?xml version="1.0" encoding="UTF-8" standalone="no"?>
<testsuite failures="0" name="cucumber.runtime.formatter.JUnitFormatter" skipped="0" tests="1" time="0">
<testcase classname="Nopcommerce Login" name="Nopcommerce Valid Login Test" time="0">
<system-out><![CDATA[Given User able to open browser.............................................skipped
And Enter Url...............................................................skipped
Then User click on login Link...............................................skipped
And User on login page and  verify login page titleWhen User enter username and password and click on login button.skipped
Then User is on Home page...................................................skipped
Then User close the browser.................................................skipped
]]></system-out>
</testcase>
</testsuite>
