<?xml version="1.0" encoding="UTF-8" standalone="no"?>
<testsuite failures="0" name="cucumber.runtime.formatter.JUnitFormatter" skipped="0" tests="1" time="6.423215">
<testcase classname="Nopcommerce Login" name="Nopcommerce Valid Login Test" time="6.423215">
<system-out><![CDATA[Given User on login page and  verify login page title.......................passed
Then User enter username and password and click on login button.............passed
Then User is on Home page of user...........................................passed
]]></system-out>
</testcase>
</testsuite>
