<?xml version="1.0" encoding="UTF-8"?>
<testng-results skipped="0" failed="0" ignored="0" total="2" passed="2">
  <reporter-output>
  </reporter-output>
  <suite name="Surefire suite" duration-ms="11506" started-at="2022-10-18T23:45:23 BST" finished-at="2022-10-18T23:45:35 BST">
    <groups>
    </groups>
    <test name="Surefire test" duration-ms="11506" started-at="2022-10-18T23:45:23 BST" finished-at="2022-10-18T23:45:35 BST">
      <class name="com.demo.nopcommerce.BasePageTest">
        <test-method status="PASS" signature="openBrowser()[pri:0, instance:com.demo.nopcommerce.BasePageTest@7c29daf3]" name="openBrowser" duration-ms="5009" started-at="2022-10-18T23:45:23 BST" finished-at="2022-10-18T23:45:28 BST">
          <reporter-output>
          </reporter-output>
        </test-method> <!-- openBrowser -->
      </class> <!-- com.demo.nopcommerce.BasePageTest -->
      <class name="com.demo.nopcommerce.RegisterTest">
        <test-method status="PASS" signature="openBrowser()[pri:0, instance:com.demo.nopcommerce.RegisterTest@1c3a4799]" name="openBrowser" is-config="true" duration-ms="3190" started-at="2022-10-18T23:45:28 BST" finished-at="2022-10-18T23:45:32 BST">
          <reporter-output>
          </reporter-output>
        </test-method> <!-- openBrowser -->
        <test-method status="PASS" signature="registerTest()[pri:0, instance:com.demo.nopcommerce.RegisterTest@1c3a4799]" name="registerTest" duration-ms="2502" started-at="2022-10-18T23:45:32 BST" finished-at="2022-10-18T23:45:34 BST">
          <reporter-output>
          </reporter-output>
        </test-method> <!-- registerTest -->
        <test-method status="PASS" signature="tearDown()[pri:0, instance:com.demo.nopcommerce.RegisterTest@1c3a4799]" name="tearDown" is-config="true" duration-ms="752" started-at="2022-10-18T23:45:34 BST" finished-at="2022-10-18T23:45:35 BST">
          <reporter-output>
          </reporter-output>
        </test-method> <!-- tearDown -->
      </class> <!-- com.demo.nopcommerce.RegisterTest -->
    </test> <!-- Surefire test -->
  </suite> <!-- Surefire suite -->
</testng-results>
